<?xml version="1.0" encoding="UTF-8"?>
<testng-results skipped="6" failed="0" total="6" passed="0">
  <reporter-output>
  </reporter-output>
  <suite name="test1" duration-ms="333547" started-at="2015-04-26T09:45:50Z" finished-at="2015-04-26T09:51:24Z">
    <groups>
    </groups>
    <test name="test name" duration-ms="333547" started-at="2015-04-26T09:45:50Z" finished-at="2015-04-26T09:51:24Z">
      <class name="com.powa.testcases.MenuTab">
        <test-method status="SKIP" signature="logout()[pri:0, instance:com.powa.testcases.MenuTab@176f764]" name="logout" is-config="true" duration-ms="0" started-at="2015-04-26T15:21:24Z" finished-at="2015-04-26T15:21:24Z">
          <reporter-output>
          </reporter-output>
        </test-method> <!-- logout -->
        <test-method status="SKIP" signature="verifySubTab()[pri:0, instance:com.powa.testcases.MenuTab@176f764]" name="verifySubTab" duration-ms="0" started-at="2015-04-26T15:21:24Z" finished-at="2015-04-26T15:21:24Z">
          <reporter-output>
          </reporter-output>
        </test-method> <!-- verifySubTab -->
        <test-method status="SKIP" signature="tearDown()[pri:0, instance:com.powa.testcases.MenuTab@176f764]" name="tearDown" is-config="true" duration-ms="0" started-at="2015-04-26T15:21:24Z" finished-at="2015-04-26T15:21:24Z">
          <reporter-output>
          </reporter-output>
        </test-method> <!-- tearDown -->
        <test-method status="SKIP" signature="login()[pri:0, instance:com.powa.testcases.MenuTab@176f764]" name="login" is-config="true" duration-ms="0" started-at="2015-04-26T15:21:24Z" finished-at="2015-04-26T15:21:24Z">
          <reporter-output>
          </reporter-output>
        </test-method> <!-- login -->
        <test-method status="SKIP" signature="setUp()[pri:0, instance:com.powa.testcases.MenuTab@176f764]" name="setUp" is-config="true" duration-ms="0" started-at="2015-04-26T15:21:24Z" finished-at="2015-04-26T15:21:24Z">
          <reporter-output>
          </reporter-output>
        </test-method> <!-- setUp -->
      </class> <!-- com.powa.testcases.MenuTab -->
      <class name="com.powa.testcases.AddPayment">
        <test-method status="SKIP" signature="login()[pri:0, instance:com.powa.testcases.AddPayment@1feea62]" name="login" is-config="true" duration-ms="0" started-at="2015-04-26T15:21:24Z" finished-at="2015-04-26T15:21:24Z">
          <reporter-output>
          </reporter-output>
        </test-method> <!-- login -->
        <test-method status="SKIP" signature="setUp()[pri:0, instance:com.powa.testcases.AddPayment@1feea62]" name="setUp" is-config="true" duration-ms="0" started-at="2015-04-26T15:21:24Z" finished-at="2015-04-26T15:21:24Z">
          <reporter-output>
          </reporter-output>
        </test-method> <!-- setUp -->
        <test-method status="SKIP" signature="logout()[pri:0, instance:com.powa.testcases.AddPayment@1feea62]" name="logout" is-config="true" duration-ms="0" started-at="2015-04-26T15:21:24Z" finished-at="2015-04-26T15:21:24Z">
          <reporter-output>
          </reporter-output>
        </test-method> <!-- logout -->
        <test-method status="SKIP" signature="addPayment()[pri:0, instance:com.powa.testcases.AddPayment@1feea62]" name="addPayment" duration-ms="0" started-at="2015-04-26T15:21:24Z" finished-at="2015-04-26T15:21:24Z">
          <reporter-output>
          </reporter-output>
        </test-method> <!-- addPayment -->
        <test-method status="SKIP" signature="tearDown()[pri:0, instance:com.powa.testcases.AddPayment@1feea62]" name="tearDown" is-config="true" duration-ms="0" started-at="2015-04-26T15:21:24Z" finished-at="2015-04-26T15:21:24Z">
          <reporter-output>
          </reporter-output>
        </test-method> <!-- tearDown -->
      </class> <!-- com.powa.testcases.AddPayment -->
      <class name="com.powa.testcases.Login">
        <test-method status="FAIL" signature="setUp()[pri:0, instance:com.powa.testcases.Login@ce015f]" name="setUp" is-config="true" duration-ms="0" started-at="2015-04-26T15:15:50Z" finished-at="2015-04-26T15:15:50Z">
          <exception class="org.openqa.selenium.TimeoutException">
            <message>
              <![CDATA[Timed out waiting for page load.
Command duration or timeout: 300.59 seconds
Build info: version: '2.43.1', revision: '5163bce', time: '2014-09-10 16:27:33'
System info: host: 'cs-360', ip: '192.168.1.3', os.name: 'Windows XP', os.arch: 'x86', os.version: '5.1', java.version: '1.7.0_76'
Session ID: 300d58bb-d084-42f0-bc07-4f5f09571376
Driver info: org.openqa.selenium.firefox.FirefoxDriver
Capabilities [{platform=WINDOWS, acceptSslCerts=true, javascriptEnabled=true, cssSelectorsEnabled=true, databaseEnabled=true, browserName=firefox, handlesAlerts=true, browserConnectionEnabled=true, webStorageEnabled=true, nativeEvents=false, rotatable=false, locationContextEnabled=true, applicationCacheEnabled=true, takesScreenshot=true, version=29.0}]]]>
            </message>
            <full-stacktrace>
              <![CDATA[org.openqa.selenium.TimeoutException: Timed out waiting for page load.
Command duration or timeout: 300.59 seconds
Build info: version: '2.43.1', revision: '5163bce', time: '2014-09-10 16:27:33'
System info: host: 'cs-360', ip: '192.168.1.3', os.name: 'Windows XP', os.arch: 'x86', os.version: '5.1', java.version: '1.7.0_76'
Session ID: 300d58bb-d084-42f0-bc07-4f5f09571376
Driver info: org.openqa.selenium.firefox.FirefoxDriver
Capabilities [{platform=WINDOWS, acceptSslCerts=true, javascriptEnabled=true, cssSelectorsEnabled=true, databaseEnabled=true, browserName=firefox, handlesAlerts=true, browserConnectionEnabled=true, webStorageEnabled=true, nativeEvents=false, rotatable=false, locationContextEnabled=true, applicationCacheEnabled=true, takesScreenshot=true, version=29.0}]
	at sun.reflect.NativeConstructorAccessorImpl.newInstance0(Native Method)
	at sun.reflect.NativeConstructorAccessorImpl.newInstance(NativeConstructorAccessorImpl.java:57)
	at sun.reflect.DelegatingConstructorAccessorImpl.newInstance(DelegatingConstructorAccessorImpl.java:45)
	at java.lang.reflect.Constructor.newInstance(Constructor.java:526)
	at org.openqa.selenium.remote.ErrorHandler.createThrowable(ErrorHandler.java:204)
	at org.openqa.selenium.remote.ErrorHandler.throwIfResponseFailed(ErrorHandler.java:156)
	at org.openqa.selenium.remote.RemoteWebDriver.execute(RemoteWebDriver.java:599)
	at org.openqa.selenium.remote.RemoteWebDriver.get(RemoteWebDriver.java:304)
	at com.powa.baseclasses.BaseClass.setUp(BaseClass.java:23)
	at sun.reflect.NativeMethodAccessorImpl.invoke0(Native Method)
	at sun.reflect.NativeMethodAccessorImpl.invoke(NativeMethodAccessorImpl.java:57)
	at sun.reflect.DelegatingMethodAccessorImpl.invoke(DelegatingMethodAccessorImpl.java:43)
	at java.lang.reflect.Method.invoke(Method.java:606)
	at org.testng.internal.MethodInvocationHelper.invokeMethod(MethodInvocationHelper.java:84)
	at org.testng.internal.Invoker.invokeConfigurationMethod(Invoker.java:564)
	at org.testng.internal.Invoker.invokeConfigurations(Invoker.java:213)
	at org.testng.internal.Invoker.invokeConfigurations(Invoker.java:138)
	at org.testng.internal.TestMethodWorker.invokeBeforeClassMethods(TestMethodWorker.java:175)
	at org.testng.internal.TestMethodWorker.run(TestMethodWorker.java:107)
	at org.testng.TestRunner.privateRun(TestRunner.java:767)
	at org.testng.TestRunner.run(TestRunner.java:617)
	at org.testng.SuiteRunner.runTest(SuiteRunner.java:334)
	at org.testng.SuiteRunner.runSequentially(SuiteRunner.java:329)
	at org.testng.SuiteRunner.privateRun(SuiteRunner.java:291)
	at org.testng.SuiteRunner.run(SuiteRunner.java:240)
	at org.testng.SuiteRunnerWorker.runSuite(SuiteRunnerWorker.java:52)
	at org.testng.SuiteRunnerWorker.run(SuiteRunnerWorker.java:86)
	at org.testng.TestNG.runSuitesSequentially(TestNG.java:1224)
	at org.testng.TestNG.runSuitesLocally(TestNG.java:1149)
	at org.testng.TestNG.run(TestNG.java:1057)
	at org.testng.remote.RemoteTestNG.run(RemoteTestNG.java:111)
	at org.testng.remote.RemoteTestNG.initAndRun(RemoteTestNG.java:204)
	at org.testng.remote.RemoteTestNG.main(RemoteTestNG.java:175)
Caused by: org.openqa.selenium.TimeoutException: Timed out waiting for page load.
Build info: version: '2.43.1', revision: '5163bce', time: '2014-09-10 16:27:33'
System info: host: 'cs-360', ip: '192.168.1.3', os.name: 'Windows XP', os.arch: 'x86', os.version: '5.1', java.version: '1.7.0_76'
Driver info: driver.version: unknown
	at <anonymous class>.Utils.initWebLoadingListener/<(file:///C:/DOCUME~1/ADMINI~1/LOCALS~1/Temp/anonymous97551083667209096webdriver-profile/extensions/fxdriver@googlecode.com/components/driver-component.js:7974)
	at <anonymous class>.WebLoadingListener/e(file:///C:/DOCUME~1/ADMINI~1/LOCALS~1/Temp/anonymous97551083667209096webdriver-profile/extensions/fxdriver@googlecode.com/components/driver-component.js:4120)
	at <anonymous class>.WebLoadingListener/<(file:///C:/DOCUME~1/ADMINI~1/LOCALS~1/Temp/anonymous97551083667209096webdriver-profile/extensions/fxdriver@googlecode.com/components/driver-component.js:4128)
	at <anonymous class>.fxdriver.Timer.prototype.setTimeout/<.notify(file:///C:/DOCUME~1/ADMINI~1/LOCALS~1/Temp/anonymous97551083667209096webdriver-profile/extensions/fxdriver@googlecode.com/components/driver-component.js:548)
]]>
            </full-stacktrace>
          </exception> <!-- org.openqa.selenium.TimeoutException -->
          <reporter-output>
          </reporter-output>
        </test-method> <!-- setUp -->
        <test-method status="SKIP" signature="login()[pri:0, instance:com.powa.testcases.Login@ce015f]" name="login" duration-ms="0" started-at="2015-04-26T15:21:24Z" finished-at="2015-04-26T15:21:24Z">
          <reporter-output>
          </reporter-output>
        </test-method> <!-- login -->
        <test-method status="SKIP" signature="tearDown()[pri:0, instance:com.powa.testcases.Login@ce015f]" name="tearDown" is-config="true" duration-ms="0" started-at="2015-04-26T15:21:24Z" finished-at="2015-04-26T15:21:24Z">
          <reporter-output>
          </reporter-output>
        </test-method> <!-- tearDown -->
      </class> <!-- com.powa.testcases.Login -->
      <class name="com.powa.testcases.Logout">
        <test-method status="SKIP" signature="logout()[pri:0, instance:com.powa.testcases.Logout@13c6a8b]" name="logout" duration-ms="0" started-at="2015-04-26T15:21:24Z" finished-at="2015-04-26T15:21:24Z">
          <reporter-output>
          </reporter-output>
        </test-method> <!-- logout -->
        <test-method status="SKIP" signature="tearDown()[pri:0, instance:com.powa.testcases.Logout@13c6a8b]" name="tearDown" is-config="true" duration-ms="0" started-at="2015-04-26T15:21:24Z" finished-at="2015-04-26T15:21:24Z">
          <reporter-output>
          </reporter-output>
        </test-method> <!-- tearDown -->
        <test-method status="SKIP" signature="setUp()[pri:0, instance:com.powa.testcases.Logout@13c6a8b]" name="setUp" is-config="true" duration-ms="0" started-at="2015-04-26T15:21:24Z" finished-at="2015-04-26T15:21:24Z">
          <reporter-output>
          </reporter-output>
        </test-method> <!-- setUp -->
      </class> <!-- com.powa.testcases.Logout -->
      <class name="com.powa.testcases.AddProduct">
        <test-method status="SKIP" signature="tearDown()[pri:0, instance:com.powa.testcases.AddProduct@bc2950]" name="tearDown" is-config="true" duration-ms="0" started-at="2015-04-26T15:21:24Z" finished-at="2015-04-26T15:21:24Z">
          <reporter-output>
          </reporter-output>
        </test-method> <!-- tearDown -->
        <test-method status="SKIP" signature="addProduct()[pri:0, instance:com.powa.testcases.AddProduct@bc2950]" name="addProduct" duration-ms="0" started-at="2015-04-26T15:21:24Z" finished-at="2015-04-26T15:21:24Z">
          <reporter-output>
          </reporter-output>
        </test-method> <!-- addProduct -->
        <test-method status="SKIP" signature="login()[pri:0, instance:com.powa.testcases.AddProduct@bc2950]" name="login" is-config="true" duration-ms="0" started-at="2015-04-26T15:21:24Z" finished-at="2015-04-26T15:21:24Z">
          <reporter-output>
          </reporter-output>
        </test-method> <!-- login -->
        <test-method status="SKIP" signature="logout()[pri:0, instance:com.powa.testcases.AddProduct@bc2950]" name="logout" is-config="true" duration-ms="0" started-at="2015-04-26T15:21:24Z" finished-at="2015-04-26T15:21:24Z">
          <reporter-output>
          </reporter-output>
        </test-method> <!-- logout -->
        <test-method status="SKIP" signature="setUp()[pri:0, instance:com.powa.testcases.AddProduct@bc2950]" name="setUp" is-config="true" duration-ms="0" started-at="2015-04-26T15:21:24Z" finished-at="2015-04-26T15:21:24Z">
          <reporter-output>
          </reporter-output>
        </test-method> <!-- setUp -->
      </class> <!-- com.powa.testcases.AddProduct -->
      <class name="com.powa.testcases.AddedProductOnSite">
        <test-method status="SKIP" signature="logout()[pri:0, instance:com.powa.testcases.AddedProductOnSite@c6b7ee]" name="logout" is-config="true" duration-ms="0" started-at="2015-04-26T15:21:24Z" finished-at="2015-04-26T15:21:24Z">
          <reporter-output>
          </reporter-output>
        </test-method> <!-- logout -->
        <test-method status="SKIP" signature="login()[pri:0, instance:com.powa.testcases.AddedProductOnSite@c6b7ee]" name="login" is-config="true" duration-ms="0" started-at="2015-04-26T15:21:24Z" finished-at="2015-04-26T15:21:24Z">
          <reporter-output>
          </reporter-output>
        </test-method> <!-- login -->
        <test-method status="SKIP" signature="tearDown()[pri:0, instance:com.powa.testcases.AddedProductOnSite@c6b7ee]" name="tearDown" is-config="true" duration-ms="0" started-at="2015-04-26T15:21:24Z" finished-at="2015-04-26T15:21:24Z">
          <reporter-output>
          </reporter-output>
        </test-method> <!-- tearDown -->
        <test-method status="SKIP" signature="verifyAddedProduct()[pri:0, instance:com.powa.testcases.AddedProductOnSite@c6b7ee]" name="verifyAddedProduct" duration-ms="0" started-at="2015-04-26T15:21:24Z" finished-at="2015-04-26T15:21:24Z">
          <reporter-output>
          </reporter-output>
        </test-method> <!-- verifyAddedProduct -->
        <test-method status="SKIP" signature="setUp()[pri:0, instance:com.powa.testcases.AddedProductOnSite@c6b7ee]" name="setUp" is-config="true" duration-ms="0" started-at="2015-04-26T15:21:24Z" finished-at="2015-04-26T15:21:24Z">
          <reporter-output>
          </reporter-output>
        </test-method> <!-- setUp -->
      </class> <!-- com.powa.testcases.AddedProductOnSite -->
    </test> <!-- test name -->
  </suite> <!-- test1 -->
</testng-results>
