<?xml version="1.0" encoding="UTF-8"?>
<testsuite name="test name"
           tests="3"
           failures="1"
           errors="0"
           skipped="2"
           time="0.000">
  <properties />
            <testcase name="setUp" time="0.000" classname="com.powa.testcases.Login">
                <failure type="org.openqa.selenium.TimeoutException"
                  message="Timed out waiting for page load.
Command duration or timeout: 300.59 seconds
Build info: version: &apos;2.43.1&apos;, revision: &apos;5163bce&apos;, time: &apos;2014-09-10 16:27:33&apos;
System info: host: &apos;cs-360&apos;, ip: &apos;192.168.1.3&apos;, os.name: &apos;Windows XP&apos;, os.arch: &apos;x86&apos;, os.version: &apos;5.1&apos;, java.version: &apos;1.7.0_76&apos;
Session ID: 300d58bb-d084-42f0-bc07-4f5f09571376
Driver info: org.openqa.selenium.firefox.FirefoxDriver
Capabilities [{platform=WINDOWS, acceptSslCerts=true, javascriptEnabled=true, cssSelectorsEnabled=true, databaseEnabled=true, browserName=firefox, handlesAlerts=true, browserConnectionEnabled=true, webStorageEnabled=true, nativeEvents=false, rotatable=false, locationContextEnabled=true, applicationCacheEnabled=true, takesScreenshot=true, version=29.0}]"
              >
<![CDATA[org.openqa.selenium.TimeoutException: Timed out waiting for page load.
Command duration or timeout: 300.59 seconds
Build info: version: '2.43.1', revision: '5163bce', time: '2014-09-10 16:27:33'
System info: host: 'cs-360', ip: '192.168.1.3', os.name: 'Windows XP', os.arch: 'x86', os.version: '5.1', java.version: '1.7.0_76'
Session ID: 300d58bb-d084-42f0-bc07-4f5f09571376
Driver info: org.openqa.selenium.firefox.FirefoxDriver
Capabilities [{platform=WINDOWS, acceptSslCerts=true, javascriptEnabled=true, cssSelectorsEnabled=true, databaseEnabled=true, browserName=firefox, handlesAlerts=true, browserConnectionEnabled=true, webStorageEnabled=true, nativeEvents=false, rotatable=false, locationContextEnabled=true, applicationCacheEnabled=true, takesScreenshot=true, version=29.0}]
  sun.reflect.NativeConstructorAccessorImpl.newInstance0(Native Method)
  sun.reflect.NativeConstructorAccessorImpl.newInstance(NativeConstructorAccessorImpl.java:57)
  sun.reflect.DelegatingConstructorAccessorImpl.newInstance(DelegatingConstructorAccessorImpl.java:45)
  java.lang.reflect.Constructor.newInstance(Constructor.java:526)
  org.openqa.selenium.remote.ErrorHandler.createThrowable(ErrorHandler.java:204)
  org.openqa.selenium.remote.ErrorHandler.throwIfResponseFailed(ErrorHandler.java:156)
  org.openqa.selenium.remote.RemoteWebDriver.execute(RemoteWebDriver.java:599)
  org.openqa.selenium.remote.RemoteWebDriver.get(RemoteWebDriver.java:304)
  com.powa.baseclasses.BaseClass.setUp(BaseClass.java:23)
  sun.reflect.NativeMethodAccessorImpl.invoke0(Native Method)
  sun.reflect.NativeMethodAccessorImpl.invoke(NativeMethodAccessorImpl.java:57)
  sun.reflect.DelegatingMethodAccessorImpl.invoke(DelegatingMethodAccessorImpl.java:43)
  java.lang.reflect.Method.invoke(Method.java:606)
  org.testng.internal.MethodInvocationHelper.invokeMethod(MethodInvocationHelper.java:84)
  org.testng.internal.Invoker.invokeConfigurationMethod(Invoker.java:564)
  org.testng.internal.Invoker.invokeConfigurations(Invoker.java:213)
  org.testng.internal.Invoker.invokeConfigurations(Invoker.java:138)
  org.testng.internal.TestMethodWorker.invokeBeforeClassMethods(TestMethodWorker.java:175)
  org.testng.internal.TestMethodWorker.run(TestMethodWorker.java:107)
  org.testng.TestRunner.privateRun(TestRunner.java:767)
  org.testng.TestRunner.run(TestRunner.java:617)
  org.testng.SuiteRunner.runTest(SuiteRunner.java:334)
  org.testng.SuiteRunner.runSequentially(SuiteRunner.java:329)
  org.testng.SuiteRunner.privateRun(SuiteRunner.java:291)
  org.testng.SuiteRunner.run(SuiteRunner.java:240)
  org.testng.SuiteRunnerWorker.runSuite(SuiteRunnerWorker.java:52)
  org.testng.SuiteRunnerWorker.run(SuiteRunnerWorker.java:86)
  org.testng.TestNG.runSuitesSequentially(TestNG.java:1224)
  org.testng.TestNG.runSuitesLocally(TestNG.java:1149)
  org.testng.TestNG.run(TestNG.java:1057)
  org.testng.remote.RemoteTestNG.run(RemoteTestNG.java:111)
  org.testng.remote.RemoteTestNG.initAndRun(RemoteTestNG.java:204)
  org.testng.remote.RemoteTestNG.main(RemoteTestNG.java:175)
Caused by: org.openqa.selenium.TimeoutException: Timed out waiting for page load.
Build info: version: '2.43.1', revision: '5163bce', time: '2014-09-10 16:27:33'
System info: host: 'cs-360', ip: '192.168.1.3', os.name: 'Windows XP', os.arch: 'x86', os.version: '5.1', java.version: '1.7.0_76'
Driver info: driver.version: unknown
  <anonymous class>.Utils.initWebLoadingListener/<(file:///C:/DOCUME~1/ADMINI~1/LOCALS~1/Temp/anonymous97551083667209096webdriver-profile/extensions/fxdriver@googlecode.com/components/driver-component.js:7974)
  <anonymous class>.WebLoadingListener/e(file:///C:/DOCUME~1/ADMINI~1/LOCALS~1/Temp/anonymous97551083667209096webdriver-profile/extensions/fxdriver@googlecode.com/components/driver-component.js:4120)
  <anonymous class>.WebLoadingListener/<(file:///C:/DOCUME~1/ADMINI~1/LOCALS~1/Temp/anonymous97551083667209096webdriver-profile/extensions/fxdriver@googlecode.com/components/driver-component.js:4128)
  <anonymous class>.fxdriver.Timer.prototype.setTimeout/<.notify(file:///C:/DOCUME~1/ADMINI~1/LOCALS~1/Temp/anonymous97551083667209096webdriver-profile/extensions/fxdriver@googlecode.com/components/driver-component.js:548)
]]>
      </failure>

          </testcase>
  
            <testcase name="tearDown" time="0.0" classname="com.powa.testcases.Login">
          <skipped />
    </testcase>
            <testcase name="login" time="0.0" classname="com.powa.testcases.Login">
          <skipped />
    </testcase>
  
  
</testsuite>
