<?xml version="1.0" encoding="UTF-8"?>
<!-- Generated by org.testng.reporters.JUnitXMLReporter -->
<testsuite hostname="cs-360" name="Test" tests="2" failures="0" timestamp="21 Mar 2015 18:04:04 GMT" time="309.172" errors="0">
  <testcase name="@BeforeClass setUp" time="0.0" classname="com.powa.testcases.Login">
    <failure type="org.openqa.selenium.TimeoutException" message="Timed out waiting for page load.
Command duration or timeout: 300.11 seconds
Build info: version: &amp;apos;2.43.1&amp;apos;, revision: &amp;apos;5163bce&amp;apos;, time: &amp;apos;2014-09-10 16:27:33&amp;apos;
System info: host: &amp;apos;cs-360&amp;apos;, ip: &amp;apos;192.168.1.3&amp;apos;, os.name: &amp;apos;Windows XP&amp;apos;, os.arch: &amp;apos;x86&amp;apos;, os.version: &amp;apos;5.1&amp;apos;, java.version: &amp;apos;1.7.0_76&amp;apos;
Session ID: ccce23c9-fbaf-4cd9-b3d7-24cabfe47c65
Driver info: org.openqa.selenium.firefox.FirefoxDriver
Capabilities [{platform=WINDOWS, acceptSslCerts=true, javascriptEnabled=true, cssSelectorsEnabled=true, databaseEnabled=true, browserName=firefox, handlesAlerts=true, browserConnectionEnabled=true, webStorageEnabled=true, nativeEvents=false, rotatable=false, locationContextEnabled=true, applicationCacheEnabled=true, takesScreenshot=true, version=29.0}]">
      <![CDATA[org.openqa.selenium.TimeoutException: Timed out waiting for page load.
Command duration or timeout: 300.11 seconds
Build info: version: '2.43.1', revision: '5163bce', time: '2014-09-10 16:27:33'
System info: host: 'cs-360', ip: '192.168.1.3', os.name: 'Windows XP', os.arch: 'x86', os.version: '5.1', java.version: '1.7.0_76'
Session ID: ccce23c9-fbaf-4cd9-b3d7-24cabfe47c65
Driver info: org.openqa.selenium.firefox.FirefoxDriver
Capabilities [{platform=WINDOWS, acceptSslCerts=true, javascriptEnabled=true, cssSelectorsEnabled=true, databaseEnabled=true, browserName=firefox, handlesAlerts=true, browserConnectionEnabled=true, webStorageEnabled=true, nativeEvents=false, rotatable=false, locationContextEnabled=true, applicationCacheEnabled=true, takesScreenshot=true, version=29.0}]
	at org.openqa.selenium.remote.ErrorHandler.createThrowable(ErrorHandler.java:204)
	at org.openqa.selenium.remote.ErrorHandler.throwIfResponseFailed(ErrorHandler.java:156)
	at org.openqa.selenium.remote.RemoteWebDriver.execute(RemoteWebDriver.java:599)
	at org.openqa.selenium.remote.RemoteWebDriver.get(RemoteWebDriver.java:304)
	at com.powa.baseclasses.BaseClass.setUp(BaseClass.java:23)
Caused by: org.openqa.selenium.TimeoutException: Timed out waiting for page load.
Build info: version: '2.43.1', revision: '5163bce', time: '2014-09-10 16:27:33'
System info: host: 'cs-360', ip: '192.168.1.3', os.name: 'Windows XP', os.arch: 'x86', os.version: '5.1', java.version: '1.7.0_76'
Driver info: driver.version: unknown
	at <anonymous class>.Utils.initWebLoadingListener/<(file:///C:/DOCUME~1/ADMINI~1/LOCALS~1/Temp/anonymous2112326889331947721webdriver-profile/extensions/fxdriver@googlecode.com/components/driver-component.js:7974)
	at <anonymous class>.WebLoadingListener/e(file:///C:/DOCUME~1/ADMINI~1/LOCALS~1/Temp/anonymous2112326889331947721webdriver-profile/extensions/fxdriver@googlecode.com/components/driver-component.js:4120)
	at <anonymous class>.WebLoadingListener/<(file:///C:/DOCUME~1/ADMINI~1/LOCALS~1/Temp/anonymous2112326889331947721webdriver-profile/extensions/fxdriver@googlecode.com/components/driver-component.js:4128)
	at <anonymous class>.fxdriver.Timer.prototype.setTimeout/<.notify(file:///C:/DOCUME~1/ADMINI~1/LOCALS~1/Temp/anonymous2112326889331947721webdriver-profile/extensions/fxdriver@googlecode.com/components/driver-component.js:548)
... Removed 28 stack frames]]>
    </failure>
  </testcase> <!-- @BeforeClass setUp -->
  <testcase name="@AfterClass tearDown" time="0.0" classname="com.powa.testcases.Login">
    <skipped/>
  </testcase> <!-- @AfterClass tearDown -->
  <testcase name="@BeforeClass setUp" time="0.0" classname="com.powa.testcases.Logout">
    <skipped/>
  </testcase> <!-- @BeforeClass setUp -->
  <testcase name="@AfterClass tearDown" time="0.0" classname="com.powa.testcases.Logout">
    <skipped/>
  </testcase> <!-- @AfterClass tearDown -->
  <testcase name="login" time="0.0" classname="com.powa.testcases.Login">
    <skipped/>
  </testcase> <!-- login -->
  <testcase name="logout" time="0.0" classname="com.powa.testcases.Logout">
    <skipped/>
  </testcase> <!-- logout -->
</testsuite> <!-- Test -->
